d:\programming\00. progress\as\ar28dx\dxstudent\ndh\cuphead\bin\debug\x64\directxtex\directxtex.pch
d:\programming\00. progress\as\ar28dx\dxstudent\ndh\cuphead\bin\debug\x64\directxtex\directxtex.pdb
d:\programming\00. progress\as\ar28dx\dxstudent\ndh\cuphead\bin\debug\x64\directxtex\directxtexutil.obj
d:\programming\00. progress\as\ar28dx\dxstudent\ndh\cuphead\bin\debug\x64\directxtex\directxtexwic.obj
d:\programming\00. progress\as\ar28dx\dxstudent\ndh\cuphead\bin\debug\x64\directxtex\directxtextga.obj
d:\programming\00. progress\as\ar28dx\dxstudent\ndh\cuphead\bin\debug\x64\directxtex\directxtexresize.obj
d:\programming\00. progress\as\ar28dx\dxstudent\ndh\cuphead\bin\debug\x64\directxtex\directxtexpmalpha.obj
d:\programming\00. progress\as\ar28dx\dxstudent\ndh\cuphead\bin\debug\x64\directxtex\directxtexnormalmaps.obj
d:\programming\00. progress\as\ar28dx\dxstudent\ndh\cuphead\bin\debug\x64\directxtex\directxtexmisc.obj
d:\programming\00. progress\as\ar28dx\dxstudent\ndh\cuphead\bin\debug\x64\directxtex\directxtexmipmaps.obj
d:\programming\00. progress\as\ar28dx\dxstudent\ndh\cuphead\bin\debug\x64\directxtex\directxteximage.obj
d:\programming\00. progress\as\ar28dx\dxstudent\ndh\cuphead\bin\debug\x64\directxtex\directxtexhdr.obj
d:\programming\00. progress\as\ar28dx\dxstudent\ndh\cuphead\bin\debug\x64\directxtex\directxtexfliprotate.obj
d:\programming\00. progress\as\ar28dx\dxstudent\ndh\cuphead\bin\debug\x64\directxtex\directxtexdds.obj
d:\programming\00. progress\as\ar28dx\dxstudent\ndh\cuphead\bin\debug\x64\directxtex\directxtexd3d11.obj
d:\programming\00. progress\as\ar28dx\dxstudent\ndh\cuphead\bin\debug\x64\directxtex\directxtexconvert.obj
d:\programming\00. progress\as\ar28dx\dxstudent\ndh\cuphead\bin\debug\x64\directxtex\directxtexcompressgpu.obj
d:\programming\00. progress\as\ar28dx\dxstudent\ndh\cuphead\bin\debug\x64\directxtex\directxtexcompress.obj
d:\programming\00. progress\as\ar28dx\dxstudent\ndh\cuphead\bin\debug\x64\directxtex\bcdirectcompute.obj
d:\programming\00. progress\as\ar28dx\dxstudent\ndh\cuphead\bin\debug\x64\directxtex\bc6hbc7.obj
d:\programming\00. progress\as\ar28dx\dxstudent\ndh\cuphead\bin\debug\x64\directxtex\directxtex.tlog\cl.command.1.tlog
d:\programming\00. progress\as\ar28dx\dxstudent\ndh\cuphead\bin\debug\x64\directxtex\directxtex.tlog\cl.read.1.tlog
d:\programming\00. progress\as\ar28dx\dxstudent\ndh\cuphead\bin\debug\x64\directxtex\directxtex.tlog\cl.write.1.tlog
