  FW1Precompiled.cpp
  CFW1ColorRGBA.cpp
  CFW1ColorRGBAInterface.cpp
  CFW1DWriteRenderTarget.cpp
  CFW1DWriteRenderTargetInterface.cpp
  CFW1Factory.cpp
  CFW1FactoryInterface.cpp
  CFW1FontWrapper.cpp
  CFW1FontWrapperInterface.cpp
  CFW1GlyphAtlas.cpp
  CFW1GlyphAtlasInterface.cpp
  CFW1GlyphProvider.cpp
  CFW1GlyphProviderInterface.cpp
  CFW1GlyphRenderStates.cpp
  CFW1GlyphRenderStatesInterface.cpp
  CFW1GlyphSheet.cpp
  CFW1GlyphSheetInterface.cpp
C:\Programming\AR28DX\DXSTUDENT\NDH\CupHead\THIRDPARTY\FW1FontWrapper-master\FW1FontWrapper\Source\CFW1GlyphRenderStates.cpp(682,22): warning C4456: 'hResult' 선언은 이전 로컬 선언을 숨깁니다.
C:\Programming\AR28DX\DXSTUDENT\NDH\CupHead\THIRDPARTY\FW1FontWrapper-master\FW1FontWrapper\Source\CFW1GlyphRenderStates.cpp(654,10): message : 'hResult' 선언을 참조하십시오.
  CFW1GlyphVertexDrawer.cpp
  CFW1GlyphVertexDrawerInterface.cpp
  CFW1StateSaver.cpp
  CFW1TextGeometry.cpp
  CFW1TextGeometryInterface.cpp
  CFW1TextRenderer.cpp
  CFW1TextRendererInterface.cpp
  FW1FontWrapper.cpp
  FW1FontWrapper.vcxproj -> C:\Programming\AR28DX\DXSTUDENT\NDH\CupHead\\BIN\Release\x64\FW1FontWrapper.lib
